01:29:15  [main] 	Initializing Control Panel
01:29:15  [main] 	Windows Version:  Home  64-bit
01:29:15  [main] 	XAMPP Version: 5.6.28
01:29:15  [main] 	Control Panel Version: 3.2.2  [ Compiled: Nov 12th 2015 ]
01:29:15  [main] 	You are not running with administrator rights! This will work for
01:29:15  [main] 	most application stuff but whenever you do something with services
01:29:15  [main] 	there will be a security dialogue or things will break! So think 
01:29:15  [main] 	about running this application with administrator rights!
01:29:15  [main] 	XAMPP Installation Directory: "c:\xampp\"
01:29:15  [main] 	Checking for prerequisites
01:29:16  [main] 	All prerequisites found
01:29:16  [main] 	Initializing Modules
01:29:16  [mysql] 	Problem detected!
01:29:16  [mysql] 	Port 3306 in use by "Unable to open process"!
01:29:16  [mysql] 	MySQL WILL NOT start without the configured ports free!
01:29:16  [mysql] 	You need to uninstall/disable/reconfigure the blocking application
01:29:16  [mysql] 	or reconfigure MySQL and the Control Panel to listen on a different port
01:29:16  [main] 	Starting Check-Timer
01:29:16  [main] 	Control Panel Ready
01:29:27  [mysql] 	Problem detected!
01:29:27  [mysql] 	Port 3306 in use by "Unable to open process"!
01:29:27  [mysql] 	MySQL WILL NOT start without the configured ports free!
01:29:27  [mysql] 	You need to uninstall/disable/reconfigure the blocking application
01:29:27  [mysql] 	or reconfigure MySQL and the Control Panel to listen on a different port
01:29:27  [mysql] 	Attempting to start MySQL app...
01:29:27  [mysql] 	Status change detected: running
01:29:30  [mysql] 	Status change detected: stopped
01:29:30  [mysql] 	Error: MySQL shutdown unexpectedly.
01:29:30  [mysql] 	This may be due to a blocked port, missing dependencies, 
01:29:30  [mysql] 	improper privileges, a crash, or a shutdown by another method.
01:29:30  [mysql] 	Press the Logs button to view error logs and check
01:29:30  [mysql] 	the Windows Event Viewer for more clues
01:29:30  [mysql] 	If you need more help, copy and post this
01:29:30  [mysql] 	entire log window on the forums
01:31:26  [Apache] 	Status change detected: running
01:31:27  [mysql] 	Status change detected: running
01:31:29  [mysql] 	Status change detected: stopped
01:31:29  [mysql] 	Error: MySQL shutdown unexpectedly.
01:31:29  [mysql] 	This may be due to a blocked port, missing dependencies, 
01:31:29  [mysql] 	improper privileges, a crash, or a shutdown by another method.
01:31:29  [mysql] 	Press the Logs button to view error logs and check
01:31:29  [mysql] 	the Windows Event Viewer for more clues
01:31:29  [mysql] 	If you need more help, copy and post this
01:31:29  [mysql] 	entire log window on the forums
01:31:31  [Apache] 	Status change detected: stopped
01:31:31  [Apache] 	Error: Apache shutdown unexpectedly.
01:31:31  [Apache] 	This may be due to a blocked port, missing dependencies, 
01:31:31  [Apache] 	improper privileges, a crash, or a shutdown by another method.
01:31:31  [Apache] 	Press the Logs button to view error logs and check
01:31:31  [Apache] 	the Windows Event Viewer for more clues
01:31:31  [Apache] 	If you need more help, copy and post this
01:31:31  [Apache] 	entire log window on the forums
01:39:00  [mysql] 	Status change detected: running
01:39:03  [mysql] 	Status change detected: stopped
01:39:03  [mysql] 	Error: MySQL shutdown unexpectedly.
01:39:03  [mysql] 	This may be due to a blocked port, missing dependencies, 
01:39:03  [mysql] 	improper privileges, a crash, or a shutdown by another method.
01:39:03  [mysql] 	Press the Logs button to view error logs and check
01:39:03  [mysql] 	the Windows Event Viewer for more clues
01:39:03  [mysql] 	If you need more help, copy and post this
01:39:03  [mysql] 	entire log window on the forums
01:39:06  [mysql] 	Status change detected: running
01:39:09  [mysql] 	Status change detected: stopped
01:39:09  [mysql] 	Error: MySQL shutdown unexpectedly.
01:39:09  [mysql] 	This may be due to a blocked port, missing dependencies, 
01:39:09  [mysql] 	improper privileges, a crash, or a shutdown by another method.
01:39:09  [mysql] 	Press the Logs button to view error logs and check
01:39:09  [mysql] 	the Windows Event Viewer for more clues
01:39:09  [mysql] 	If you need more help, copy and post this
01:39:09  [mysql] 	entire log window on the forums
01:42:27  [mysql] 	Status change detected: running
01:42:30  [mysql] 	Status change detected: stopped
01:42:30  [mysql] 	Error: MySQL shutdown unexpectedly.
01:42:30  [mysql] 	This may be due to a blocked port, missing dependencies, 
01:42:30  [mysql] 	improper privileges, a crash, or a shutdown by another method.
01:42:30  [mysql] 	Press the Logs button to view error logs and check
01:42:30  [mysql] 	the Windows Event Viewer for more clues
01:42:30  [mysql] 	If you need more help, copy and post this
01:42:30  [mysql] 	entire log window on the forums
01:45:33  [main] 	Deinitializing Modules
01:45:33  [main] 	Deinitializing Control Panel

01:31:38  [main] 	Initializing Control Panel
01:31:38  [main] 	Windows Version:  Home  64-bit
01:31:38  [main] 	XAMPP Version: 5.6.28
01:31:38  [main] 	Control Panel Version: 3.2.2  [ Compiled: Nov 12th 2015 ]
01:31:38  [main] 	You are not running with administrator rights! This will work for
01:31:38  [main] 	most application stuff but whenever you do something with services
01:31:38  [main] 	there will be a security dialogue or things will break! So think 
01:31:38  [main] 	about running this application with administrator rights!
01:31:38  [main] 	XAMPP Installation Directory: "c:\xampp\"
01:31:38  [main] 	Checking for prerequisites
01:31:38  [main] 	All prerequisites found
01:31:38  [main] 	Initializing Modules
01:31:38  [mysql] 	Problem detected!
01:31:38  [mysql] 	Port 3306 in use by "Unable to open process"!
01:31:38  [mysql] 	MySQL WILL NOT start without the configured ports free!
01:31:38  [mysql] 	You need to uninstall/disable/reconfigure the blocking application
01:31:38  [mysql] 	or reconfigure MySQL and the Control Panel to listen on a different port
01:31:38  [main] 	Starting Check-Timer
01:31:38  [main] 	Control Panel Ready
01:39:00  [mysql] 	Problem detected!
01:39:00  [mysql] 	Port 3306 in use by "Unable to open process"!
01:39:00  [mysql] 	MySQL WILL NOT start without the configured ports free!
01:39:00  [mysql] 	You need to uninstall/disable/reconfigure the blocking application
01:39:00  [mysql] 	or reconfigure MySQL and the Control Panel to listen on a different port
01:39:00  [mysql] 	Attempting to start MySQL app...
01:39:00  [mysql] 	Status change detected: running
01:39:02  [mysql] 	Status change detected: stopped
01:39:02  [mysql] 	Error: MySQL shutdown unexpectedly.
01:39:02  [mysql] 	This may be due to a blocked port, missing dependencies, 
01:39:02  [mysql] 	improper privileges, a crash, or a shutdown by another method.
01:39:02  [mysql] 	Press the Logs button to view error logs and check
01:39:02  [mysql] 	the Windows Event Viewer for more clues
01:39:02  [mysql] 	If you need more help, copy and post this
01:39:02  [mysql] 	entire log window on the forums
01:39:06  [mysql] 	Problem detected!
01:39:06  [mysql] 	Port 3306 in use by "Unable to open process"!
01:39:06  [mysql] 	MySQL WILL NOT start without the configured ports free!
01:39:06  [mysql] 	You need to uninstall/disable/reconfigure the blocking application
01:39:06  [mysql] 	or reconfigure MySQL and the Control Panel to listen on a different port
01:39:06  [mysql] 	Attempting to start MySQL app...
01:39:06  [mysql] 	Status change detected: running
01:39:08  [mysql] 	Status change detected: stopped
01:39:08  [mysql] 	Error: MySQL shutdown unexpectedly.
01:39:08  [mysql] 	This may be due to a blocked port, missing dependencies, 
01:39:08  [mysql] 	improper privileges, a crash, or a shutdown by another method.
01:39:08  [mysql] 	Press the Logs button to view error logs and check
01:39:08  [mysql] 	the Windows Event Viewer for more clues
01:39:08  [mysql] 	If you need more help, copy and post this
01:39:08  [mysql] 	entire log window on the forums
01:42:27  [mysql] 	Problem detected!
01:42:27  [mysql] 	Port 3306 in use by "Unable to open process"!
01:42:27  [mysql] 	MySQL WILL NOT start without the configured ports free!
01:42:27  [mysql] 	You need to uninstall/disable/reconfigure the blocking application
01:42:27  [mysql] 	or reconfigure MySQL and the Control Panel to listen on a different port
01:42:27  [mysql] 	Attempting to start MySQL app...
01:42:27  [mysql] 	Status change detected: running
01:42:29  [mysql] 	Status change detected: stopped
01:42:29  [mysql] 	Error: MySQL shutdown unexpectedly.
01:42:29  [mysql] 	This may be due to a blocked port, missing dependencies, 
01:42:29  [mysql] 	improper privileges, a crash, or a shutdown by another method.
01:42:29  [mysql] 	Press the Logs button to view error logs and check
01:42:29  [mysql] 	the Windows Event Viewer for more clues
01:42:29  [mysql] 	If you need more help, copy and post this
01:42:29  [mysql] 	entire log window on the forums
01:45:33  [main] 	Deinitializing Modules
01:45:33  [main] 	Deinitializing Control Panel

07:59:51  [main] 	Initializing Control Panel
07:59:51  [main] 	Windows Version:  Home  64-bit
07:59:51  [main] 	XAMPP Version: 5.6.28
07:59:51  [main] 	Control Panel Version: 3.2.2  [ Compiled: Nov 12th 2015 ]
07:59:51  [main] 	You are not running with administrator rights! This will work for
07:59:51  [main] 	most application stuff but whenever you do something with services
07:59:51  [main] 	there will be a security dialogue or things will break! So think 
07:59:51  [main] 	about running this application with administrator rights!
07:59:51  [main] 	XAMPP Installation Directory: "c:\xampp\"
07:59:51  [main] 	Checking for prerequisites
07:59:53  [main] 	All prerequisites found
07:59:53  [main] 	Initializing Modules
07:59:53  [mysql] 	Problem detected!
07:59:53  [mysql] 	Port 3306 in use by "Unable to open process"!
07:59:53  [mysql] 	MySQL WILL NOT start without the configured ports free!
07:59:53  [mysql] 	You need to uninstall/disable/reconfigure the blocking application
07:59:53  [mysql] 	or reconfigure MySQL and the Control Panel to listen on a different port
07:59:53  [main] 	Starting Check-Timer
07:59:53  [main] 	Control Panel Ready
07:59:58  [mysql] 	Problem detected!
07:59:58  [mysql] 	Port 3306 in use by "Unable to open process"!
07:59:58  [mysql] 	MySQL WILL NOT start without the configured ports free!
07:59:58  [mysql] 	You need to uninstall/disable/reconfigure the blocking application
07:59:58  [mysql] 	or reconfigure MySQL and the Control Panel to listen on a different port
07:59:58  [mysql] 	Attempting to start MySQL app...
07:59:58  [mysql] 	Status change detected: running
08:00:01  [mysql] 	Status change detected: stopped
08:00:01  [mysql] 	Error: MySQL shutdown unexpectedly.
08:00:01  [mysql] 	This may be due to a blocked port, missing dependencies, 
08:00:01  [mysql] 	improper privileges, a crash, or a shutdown by another method.
08:00:01  [mysql] 	Press the Logs button to view error logs and check
08:00:01  [mysql] 	the Windows Event Viewer for more clues
08:00:01  [mysql] 	If you need more help, copy and post this
08:00:01  [mysql] 	entire log window on the forums
08:08:41  [Apache] 	Status change detected: running
08:08:43  [mysql] 	Status change detected: running
08:08:46  [filezilla] 	Status change detected: running
08:08:48  [mysql] 	Status change detected: stopped
08:08:48  [mysql] 	Error: MySQL shutdown unexpectedly.
08:08:48  [mysql] 	This may be due to a blocked port, missing dependencies, 
08:08:48  [mysql] 	improper privileges, a crash, or a shutdown by another method.
08:08:48  [mysql] 	Press the Logs button to view error logs and check
08:08:48  [mysql] 	the Windows Event Viewer for more clues
08:08:48  [mysql] 	If you need more help, copy and post this
08:08:48  [mysql] 	entire log window on the forums
08:08:56  [mysql] 	Status change detected: running
08:08:58  [mercury] 	Status change detected: running
08:08:59  [mysql] 	Status change detected: stopped
08:08:59  [mysql] 	Error: MySQL shutdown unexpectedly.
08:08:59  [mysql] 	This may be due to a blocked port, missing dependencies, 
08:08:59  [mysql] 	improper privileges, a crash, or a shutdown by another method.
08:08:59  [mysql] 	Press the Logs button to view error logs and check
08:08:59  [mysql] 	the Windows Event Viewer for more clues
08:08:59  [mysql] 	If you need more help, copy and post this
08:08:59  [mysql] 	entire log window on the forums
08:09:12  [mysql] 	Status change detected: running
08:09:15  [mysql] 	Status change detected: stopped
08:09:15  [mysql] 	Error: MySQL shutdown unexpectedly.
08:09:15  [mysql] 	This may be due to a blocked port, missing dependencies, 
08:09:15  [mysql] 	improper privileges, a crash, or a shutdown by another method.
08:09:15  [mysql] 	Press the Logs button to view error logs and check
08:09:15  [mysql] 	the Windows Event Viewer for more clues
08:09:15  [mysql] 	If you need more help, copy and post this
08:09:15  [mysql] 	entire log window on the forums
08:09:24  [Apache] 	Status change detected: stopped
08:09:24  [Apache] 	Error: Apache shutdown unexpectedly.
08:09:24  [Apache] 	This may be due to a blocked port, missing dependencies, 
08:09:24  [Apache] 	improper privileges, a crash, or a shutdown by another method.
08:09:24  [Apache] 	Press the Logs button to view error logs and check
08:09:24  [Apache] 	the Windows Event Viewer for more clues
08:09:24  [Apache] 	If you need more help, copy and post this
08:09:24  [Apache] 	entire log window on the forums
08:09:26  [filezilla] 	Status change detected: stopped
08:09:26  [filezilla] 	Error: FileZilla shutdown unexpectedly.
08:09:26  [filezilla] 	This may be due to a blocked port, missing dependencies, 
08:09:26  [filezilla] 	improper privileges, a crash, or a shutdown by another method.
08:09:26  [filezilla] 	Press the Logs button to view error logs and check
08:09:26  [filezilla] 	the Windows Event Viewer for more clues
08:09:26  [filezilla] 	If you need more help, copy and post this
08:09:26  [filezilla] 	entire log window on the forums
08:09:28  [mercury] 	Status change detected: stopped
08:09:28  [mercury] 	Error: Mercury shutdown unexpectedly.
08:09:28  [mercury] 	This may be due to a blocked port, missing dependencies, 
08:09:28  [mercury] 	improper privileges, a crash, or a shutdown by another method.
08:09:28  [mercury] 	Press the Logs button to view error logs and check
08:09:28  [mercury] 	the Windows Event Viewer for more clues
08:09:28  [mercury] 	If you need more help, copy and post this
08:09:28  [mercury] 	entire log window on the forums
08:09:30  [mysql] 	Status change detected: running
08:09:33  [mysql] 	Status change detected: stopped
08:09:33  [mysql] 	Error: MySQL shutdown unexpectedly.
08:09:33  [mysql] 	This may be due to a blocked port, missing dependencies, 
08:09:33  [mysql] 	improper privileges, a crash, or a shutdown by another method.
08:09:33  [mysql] 	Press the Logs button to view error logs and check
08:09:33  [mysql] 	the Windows Event Viewer for more clues
08:09:33  [mysql] 	If you need more help, copy and post this
08:09:33  [mysql] 	entire log window on the forums
12:36:41  [main] 	Deinitializing Modules
12:36:41  [main] 	Deinitializing Control Panel

19:14:49  [main] 	Initializing Control Panel
19:14:49  [main] 	Windows Version:  Home  64-bit
19:14:49  [main] 	XAMPP Version: 5.6.28
19:14:49  [main] 	Control Panel Version: 3.2.2  [ Compiled: Nov 12th 2015 ]
19:14:49  [main] 	You are not running with administrator rights! This will work for
19:14:49  [main] 	most application stuff but whenever you do something with services
19:14:49  [main] 	there will be a security dialogue or things will break! So think 
19:14:49  [main] 	about running this application with administrator rights!
19:14:49  [main] 	XAMPP Installation Directory: "c:\xampp\"
19:14:49  [main] 	Checking for prerequisites
19:14:51  [main] 	All prerequisites found
19:14:51  [main] 	Initializing Modules
19:14:51  [mysql] 	Problem detected!
19:14:51  [mysql] 	Port 3306 in use by "Unable to open process"!
19:14:51  [mysql] 	MySQL WILL NOT start without the configured ports free!
19:14:51  [mysql] 	You need to uninstall/disable/reconfigure the blocking application
19:14:51  [mysql] 	or reconfigure MySQL and the Control Panel to listen on a different port
19:14:51  [main] 	Starting Check-Timer
19:14:51  [main] 	Control Panel Ready
19:14:53  [mysql] 	Problem detected!
19:14:53  [mysql] 	Port 3306 in use by "Unable to open process"!
19:14:53  [mysql] 	MySQL WILL NOT start without the configured ports free!
19:14:53  [mysql] 	You need to uninstall/disable/reconfigure the blocking application
19:14:53  [mysql] 	or reconfigure MySQL and the Control Panel to listen on a different port
19:14:53  [mysql] 	Attempting to start MySQL app...
19:14:54  [mysql] 	Status change detected: running
19:14:56  [mysql] 	Status change detected: stopped
19:14:56  [mysql] 	Error: MySQL shutdown unexpectedly.
19:14:56  [mysql] 	This may be due to a blocked port, missing dependencies, 
19:14:57  [mysql] 	improper privileges, a crash, or a shutdown by another method.
19:14:57  [mysql] 	Press the Logs button to view error logs and check
19:14:57  [mysql] 	the Windows Event Viewer for more clues
19:14:57  [mysql] 	If you need more help, copy and post this
19:14:57  [mysql] 	entire log window on the forums
19:14:58  [mysql] 	Problem detected!
19:14:58  [mysql] 	Port 3306 in use by "Unable to open process"!
19:14:58  [mysql] 	MySQL WILL NOT start without the configured ports free!
19:14:58  [mysql] 	You need to uninstall/disable/reconfigure the blocking application
19:14:58  [mysql] 	or reconfigure MySQL and the Control Panel to listen on a different port
19:14:58  [mysql] 	Attempting to start MySQL app...
19:14:59  [mysql] 	Status change detected: running
19:15:01  [mysql] 	Status change detected: stopped
19:15:02  [mysql] 	Error: MySQL shutdown unexpectedly.
19:15:02  [mysql] 	This may be due to a blocked port, missing dependencies, 
19:15:02  [mysql] 	improper privileges, a crash, or a shutdown by another method.
19:15:02  [mysql] 	Press the Logs button to view error logs and check
19:15:02  [mysql] 	the Windows Event Viewer for more clues
19:15:02  [mysql] 	If you need more help, copy and post this
19:15:02  [mysql] 	entire log window on the forums
19:31:26  [mysql] 	Problem detected!
19:31:26  [mysql] 	Port 3306 in use by "Unable to open process"!
19:31:26  [mysql] 	MySQL WILL NOT start without the configured ports free!
19:31:26  [mysql] 	You need to uninstall/disable/reconfigure the blocking application
19:31:26  [mysql] 	or reconfigure MySQL and the Control Panel to listen on a different port
19:31:26  [mysql] 	Attempting to start MySQL app...
19:31:26  [mysql] 	Status change detected: running
19:31:29  [mysql] 	Status change detected: stopped
19:31:29  [mysql] 	Error: MySQL shutdown unexpectedly.
19:31:29  [mysql] 	This may be due to a blocked port, missing dependencies, 
19:31:29  [mysql] 	improper privileges, a crash, or a shutdown by another method.
19:31:29  [mysql] 	Press the Logs button to view error logs and check
19:31:29  [mysql] 	the Windows Event Viewer for more clues
19:31:29  [mysql] 	If you need more help, copy and post this
19:31:29  [mysql] 	entire log window on the forums
19:32:10  [main] 	Executing "c:\xampp\"
19:32:36  [mysql] 	Problem detected!
19:32:36  [mysql] 	Port 3306 in use by "Unable to open process"!
19:32:36  [mysql] 	MySQL WILL NOT start without the configured ports free!
19:32:36  [mysql] 	You need to uninstall/disable/reconfigure the blocking application
19:32:36  [mysql] 	or reconfigure MySQL and the Control Panel to listen on a different port
19:32:36  [mysql] 	Attempting to start MySQL app...
19:32:36  [mysql] 	Status change detected: running
19:32:39  [mysql] 	Status change detected: stopped
19:32:39  [mysql] 	Error: MySQL shutdown unexpectedly.
19:32:39  [mysql] 	This may be due to a blocked port, missing dependencies, 
19:32:39  [mysql] 	improper privileges, a crash, or a shutdown by another method.
19:32:39  [mysql] 	Press the Logs button to view error logs and check
19:32:39  [mysql] 	the Windows Event Viewer for more clues
19:32:39  [mysql] 	If you need more help, copy and post this
19:32:39  [mysql] 	entire log window on the forums
19:32:41  [mysql] 	Problem detected!
19:32:41  [mysql] 	Port 3306 in use by "Unable to open process"!
19:32:41  [mysql] 	MySQL WILL NOT start without the configured ports free!
19:32:41  [mysql] 	You need to uninstall/disable/reconfigure the blocking application
19:32:41  [mysql] 	or reconfigure MySQL and the Control Panel to listen on a different port
19:32:41  [mysql] 	Attempting to start MySQL app...
19:32:41  [mysql] 	Problem detected!
19:32:41  [mysql] 	Port 3306 in use by "Unable to open process"!
19:32:41  [mysql] 	MySQL WILL NOT start without the configured ports free!
19:32:41  [mysql] 	You need to uninstall/disable/reconfigure the blocking application
19:32:41  [mysql] 	or reconfigure MySQL and the Control Panel to listen on a different port
19:32:41  [mysql] 	Attempting to start MySQL app...
19:32:41  [mysql] 	Status change detected: running
19:32:43  [main] 	Deinitializing Modules
19:32:43  [main] 	Deinitializing Control Panel

20:28:40  [main] 	Initializing Control Panel
20:28:40  [main] 	Windows Version:  Home  64-bit
20:28:40  [main] 	XAMPP Version: 5.6.28
20:28:40  [main] 	Control Panel Version: 3.2.2  [ Compiled: Nov 12th 2015 ]
20:28:40  [main] 	You are not running with administrator rights! This will work for
20:28:40  [main] 	most application stuff but whenever you do something with services
20:28:40  [main] 	there will be a security dialogue or things will break! So think 
20:28:40  [main] 	about running this application with administrator rights!
20:28:40  [main] 	XAMPP Installation Directory: "c:\xampp\"
20:28:40  [main] 	Checking for prerequisites
20:28:40  [main] 	All prerequisites found
20:28:40  [main] 	Initializing Modules
20:28:40  [mysql] 	Problem detected!
20:28:40  [mysql] 	Port 3306 in use by "Unable to open process"!
20:28:40  [mysql] 	MySQL WILL NOT start without the configured ports free!
20:28:40  [mysql] 	You need to uninstall/disable/reconfigure the blocking application
20:28:40  [mysql] 	or reconfigure MySQL and the Control Panel to listen on a different port
20:28:40  [main] 	Enabling autostart for module "MySQL"
20:28:40  [main] 	Starting Check-Timer
20:28:40  [main] 	Control Panel Ready
20:28:41  [mysql] 	Autostart active: starting...
20:28:41  [mysql] 	Problem detected!
20:28:41  [mysql] 	Port 3306 in use by "Unable to open process"!
20:28:41  [mysql] 	MySQL WILL NOT start without the configured ports free!
20:28:41  [mysql] 	You need to uninstall/disable/reconfigure the blocking application
20:28:41  [mysql] 	or reconfigure MySQL and the Control Panel to listen on a different port
20:28:41  [mysql] 	Attempting to start MySQL app...
20:28:41  [mysql] 	Status change detected: running
20:28:44  [mysql] 	Status change detected: stopped
20:28:44  [mysql] 	Error: MySQL shutdown unexpectedly.
20:28:44  [mysql] 	This may be due to a blocked port, missing dependencies, 
20:28:44  [mysql] 	improper privileges, a crash, or a shutdown by another method.
20:28:44  [mysql] 	Press the Logs button to view error logs and check
20:28:44  [mysql] 	the Windows Event Viewer for more clues
20:28:44  [mysql] 	If you need more help, copy and post this
20:28:44  [mysql] 	entire log window on the forums
20:52:27  [mysql] 	Problem detected!
20:52:27  [mysql] 	Port 3306 in use by "Unable to open process"!
20:52:27  [mysql] 	MySQL WILL NOT start without the configured ports free!
20:52:27  [mysql] 	You need to uninstall/disable/reconfigure the blocking application
20:52:27  [mysql] 	or reconfigure MySQL and the Control Panel to listen on a different port
20:52:27  [mysql] 	Attempting to start MySQL app...
20:52:27  [mysql] 	Status change detected: running
20:52:30  [mysql] 	Status change detected: stopped
20:52:30  [mysql] 	Error: MySQL shutdown unexpectedly.
20:52:30  [mysql] 	This may be due to a blocked port, missing dependencies, 
20:52:30  [mysql] 	improper privileges, a crash, or a shutdown by another method.
20:52:30  [mysql] 	Press the Logs button to view error logs and check
20:52:30  [mysql] 	the Windows Event Viewer for more clues
20:52:30  [mysql] 	If you need more help, copy and post this
20:52:30  [mysql] 	entire log window on the forums
00:17:12  [mysql] 	Status change detected: running
00:30:04  [main] 	Deinitializing Modules
00:30:04  [main] 	Deinitializing Control Panel

19:33:18  [main] 	Initializing Control Panel
19:33:18  [main] 	Windows Version:  Home  64-bit
19:33:18  [main] 	XAMPP Version: 5.6.28
19:33:18  [main] 	Control Panel Version: 3.2.2  [ Compiled: Nov 12th 2015 ]
19:33:18  [main] 	You are not running with administrator rights! This will work for
19:33:18  [main] 	most application stuff but whenever you do something with services
19:33:18  [main] 	there will be a security dialogue or things will break! So think 
19:33:18  [main] 	about running this application with administrator rights!
19:33:18  [main] 	XAMPP Installation Directory: "c:\xampp\"
19:33:18  [main] 	Checking for prerequisites
19:33:18  [main] 	All prerequisites found
19:33:18  [main] 	Initializing Modules
19:33:18  [mysql] 	Problem detected!
19:33:18  [mysql] 	Port 3306 in use by "Unable to open process"!
19:33:18  [mysql] 	MySQL WILL NOT start without the configured ports free!
19:33:18  [mysql] 	You need to uninstall/disable/reconfigure the blocking application
19:33:18  [mysql] 	or reconfigure MySQL and the Control Panel to listen on a different port
19:33:18  [main] 	Starting Check-Timer
19:33:18  [main] 	Control Panel Ready
19:33:36  [mysql] 	Problem detected!
19:33:36  [mysql] 	Port 3306 in use by "Unable to open process"!
19:33:36  [mysql] 	MySQL WILL NOT start without the configured ports free!
19:33:36  [mysql] 	You need to uninstall/disable/reconfigure the blocking application
19:33:36  [mysql] 	or reconfigure MySQL and the Control Panel to listen on a different port
19:33:36  [mysql] 	Attempting to start MySQL app...
19:33:36  [mysql] 	Status change detected: running
19:33:39  [mysql] 	Status change detected: stopped
19:33:39  [mysql] 	Error: MySQL shutdown unexpectedly.
19:33:39  [mysql] 	This may be due to a blocked port, missing dependencies, 
19:33:39  [mysql] 	improper privileges, a crash, or a shutdown by another method.
19:33:39  [mysql] 	Press the Logs button to view error logs and check
19:33:39  [mysql] 	the Windows Event Viewer for more clues
19:33:39  [mysql] 	If you need more help, copy and post this
19:33:39  [mysql] 	entire log window on the forums
19:34:03  [mysql] 	Status change detected: running
19:34:06  [mysql] 	Status change detected: stopped
19:34:06  [mysql] 	Error: MySQL shutdown unexpectedly.
19:34:06  [mysql] 	This may be due to a blocked port, missing dependencies, 
19:34:06  [mysql] 	improper privileges, a crash, or a shutdown by another method.
19:34:06  [mysql] 	Press the Logs button to view error logs and check
19:34:06  [mysql] 	the Windows Event Viewer for more clues
19:34:06  [mysql] 	If you need more help, copy and post this
19:34:06  [mysql] 	entire log window on the forums
20:28:41  [mysql] 	Status change detected: running
20:28:44  [mysql] 	Status change detected: stopped
20:28:44  [mysql] 	Error: MySQL shutdown unexpectedly.
20:28:44  [mysql] 	This may be due to a blocked port, missing dependencies, 
20:28:44  [mysql] 	improper privileges, a crash, or a shutdown by another method.
20:28:44  [mysql] 	Press the Logs button to view error logs and check
20:28:44  [mysql] 	the Windows Event Viewer for more clues
20:28:44  [mysql] 	If you need more help, copy and post this
20:28:44  [mysql] 	entire log window on the forums
20:52:27  [mysql] 	Status change detected: running
20:52:30  [mysql] 	Status change detected: stopped
20:52:30  [mysql] 	Error: MySQL shutdown unexpectedly.
20:52:30  [mysql] 	This may be due to a blocked port, missing dependencies, 
20:52:30  [mysql] 	improper privileges, a crash, or a shutdown by another method.
20:52:30  [mysql] 	Press the Logs button to view error logs and check
20:52:30  [mysql] 	the Windows Event Viewer for more clues
20:52:30  [mysql] 	If you need more help, copy and post this
20:52:30  [mysql] 	entire log window on the forums
00:17:12  [mysql] 	Status change detected: running
00:30:04  [main] 	Deinitializing Modules
00:30:04  [main] 	Deinitializing Control Panel

19:34:02  [main] 	Initializing Control Panel
19:34:02  [main] 	Windows Version:  Home  64-bit
19:34:02  [main] 	XAMPP Version: 5.6.28
19:34:02  [main] 	Control Panel Version: 3.2.2  [ Compiled: Nov 12th 2015 ]
19:34:02  [main] 	You are not running with administrator rights! This will work for
19:34:02  [main] 	most application stuff but whenever you do something with services
19:34:02  [main] 	there will be a security dialogue or things will break! So think 
19:34:02  [main] 	about running this application with administrator rights!
19:34:02  [main] 	XAMPP Installation Directory: "c:\xampp\"
19:34:02  [main] 	Checking for prerequisites
19:34:02  [main] 	All prerequisites found
19:34:02  [main] 	Initializing Modules
19:34:02  [mysql] 	Problem detected!
19:34:02  [mysql] 	Port 3306 in use by "Unable to open process"!
19:34:02  [mysql] 	MySQL WILL NOT start without the configured ports free!
19:34:02  [mysql] 	You need to uninstall/disable/reconfigure the blocking application
19:34:02  [mysql] 	or reconfigure MySQL and the Control Panel to listen on a different port
19:34:02  [main] 	Enabling autostart for module "MySQL"
19:34:02  [main] 	Starting Check-Timer
19:34:02  [main] 	Control Panel Ready
19:34:03  [mysql] 	Autostart active: starting...
19:34:03  [mysql] 	Problem detected!
19:34:03  [mysql] 	Port 3306 in use by "Unable to open process"!
19:34:03  [mysql] 	MySQL WILL NOT start without the configured ports free!
19:34:03  [mysql] 	You need to uninstall/disable/reconfigure the blocking application
19:34:03  [mysql] 	or reconfigure MySQL and the Control Panel to listen on a different port
19:34:03  [mysql] 	Attempting to start MySQL app...
19:34:03  [mysql] 	Status change detected: running
19:34:06  [mysql] 	Status change detected: stopped
19:34:06  [mysql] 	Error: MySQL shutdown unexpectedly.
19:34:06  [mysql] 	This may be due to a blocked port, missing dependencies, 
19:34:06  [mysql] 	improper privileges, a crash, or a shutdown by another method.
19:34:06  [mysql] 	Press the Logs button to view error logs and check
19:34:06  [mysql] 	the Windows Event Viewer for more clues
19:34:06  [mysql] 	If you need more help, copy and post this
19:34:06  [mysql] 	entire log window on the forums
20:28:41  [mysql] 	Status change detected: running
20:28:44  [mysql] 	Status change detected: stopped
20:28:44  [mysql] 	Error: MySQL shutdown unexpectedly.
20:28:44  [mysql] 	This may be due to a blocked port, missing dependencies, 
20:28:44  [mysql] 	improper privileges, a crash, or a shutdown by another method.
20:28:44  [mysql] 	Press the Logs button to view error logs and check
20:28:44  [mysql] 	the Windows Event Viewer for more clues
20:28:44  [mysql] 	If you need more help, copy and post this
20:28:44  [mysql] 	entire log window on the forums
20:52:27  [mysql] 	Status change detected: running
20:52:30  [mysql] 	Status change detected: stopped
20:52:30  [mysql] 	Error: MySQL shutdown unexpectedly.
20:52:30  [mysql] 	This may be due to a blocked port, missing dependencies, 
20:52:30  [mysql] 	improper privileges, a crash, or a shutdown by another method.
20:52:30  [mysql] 	Press the Logs button to view error logs and check
20:52:30  [mysql] 	the Windows Event Viewer for more clues
20:52:30  [mysql] 	If you need more help, copy and post this
20:52:30  [mysql] 	entire log window on the forums
00:17:12  [mysql] 	Status change detected: running
00:30:04  [main] 	Deinitializing Modules
00:30:05  [main] 	Deinitializing Control Panel

00:17:09  [main] 	Initializing Control Panel
00:17:09  [main] 	Windows Version:  Home  64-bit
00:17:09  [main] 	XAMPP Version: 5.6.28
00:17:09  [main] 	Control Panel Version: 3.2.2  [ Compiled: Nov 12th 2015 ]
00:17:09  [main] 	You are not running with administrator rights! This will work for
00:17:09  [main] 	most application stuff but whenever you do something with services
00:17:09  [main] 	there will be a security dialogue or things will break! So think 
00:17:09  [main] 	about running this application with administrator rights!
00:17:09  [main] 	XAMPP Installation Directory: "c:\xampp\"
00:17:09  [main] 	Checking for prerequisites
00:17:11  [main] 	All prerequisites found
00:17:11  [main] 	Initializing Modules
00:17:11  [main] 	Enabling autostart for module "MySQL"
00:17:11  [main] 	Starting Check-Timer
00:17:11  [main] 	Control Panel Ready
00:17:12  [mysql] 	Autostart active: starting...
00:17:12  [mysql] 	Attempting to start MySQL app...
00:17:12  [mysql] 	Status change detected: running
00:30:04  [main] 	Deinitializing Modules
00:30:05  [main] 	Deinitializing Control Panel

00:14:44  [main] 	Initializing Control Panel
00:14:44  [main] 	Windows Version:  Home  64-bit
00:14:44  [main] 	XAMPP Version: 5.6.28
00:14:44  [main] 	Control Panel Version: 3.2.2  [ Compiled: Nov 12th 2015 ]
00:14:44  [main] 	You are not running with administrator rights! This will work for
00:14:44  [main] 	most application stuff but whenever you do something with services
00:14:44  [main] 	there will be a security dialogue or things will break! So think 
00:14:44  [main] 	about running this application with administrator rights!
00:14:44  [main] 	XAMPP Installation Directory: "c:\xampp\"
00:14:44  [main] 	Checking for prerequisites
00:14:45  [main] 	All prerequisites found
00:14:45  [main] 	Initializing Modules
00:14:45  [main] 	Enabling autostart for module "MySQL"
00:14:45  [main] 	Starting Check-Timer
00:14:45  [main] 	Control Panel Ready
00:14:45  [mysql] 	Autostart active: starting...
00:14:45  [mysql] 	Attempting to start MySQL app...
00:14:46  [mysql] 	Status change detected: running
00:32:58  [main] 	Deinitializing Modules
00:32:58  [main] 	Deinitializing Control Panel

19:11:49  [main] 	Initializing Control Panel
19:11:49  [main] 	Windows Version:  Home  64-bit
19:11:49  [main] 	XAMPP Version: 5.6.28
19:11:49  [main] 	Control Panel Version: 3.2.2  [ Compiled: Nov 12th 2015 ]
19:11:49  [main] 	You are not running with administrator rights! This will work for
19:11:49  [main] 	most application stuff but whenever you do something with services
19:11:49  [main] 	there will be a security dialogue or things will break! So think 
19:11:49  [main] 	about running this application with administrator rights!
19:11:49  [main] 	XAMPP Installation Directory: "c:\xampp\"
19:11:49  [main] 	Checking for prerequisites
19:11:51  [main] 	All prerequisites found
19:11:51  [main] 	Initializing Modules
19:11:51  [main] 	Enabling autostart for module "MySQL"
19:11:51  [main] 	Starting Check-Timer
19:11:51  [main] 	Control Panel Ready
19:11:51  [mysql] 	Autostart active: starting...
19:11:51  [mysql] 	Attempting to start MySQL app...
19:11:52  [mysql] 	Status change detected: running
19:11:55  [Apache] 	Attempting to start Apache app...
19:11:55  [Apache] 	Status change detected: running
19:23:20  [Tomcat] 	Status change detected: running
19:49:28  [Tomcat] 	Status change detected: stopped
19:49:45  [main] 	Deinitializing Modules
19:49:45  [main] 	Deinitializing Control Panel

13:01:49  [main] 	Initializing Control Panel
13:01:49  [main] 	Windows Version:  Home  64-bit
13:01:49  [main] 	XAMPP Version: 5.6.28
13:01:49  [main] 	Control Panel Version: 3.2.2  [ Compiled: Nov 12th 2015 ]
13:01:49  [main] 	You are not running with administrator rights! This will work for
13:01:49  [main] 	most application stuff but whenever you do something with services
13:01:49  [main] 	there will be a security dialogue or things will break! So think 
13:01:49  [main] 	about running this application with administrator rights!
13:01:49  [main] 	XAMPP Installation Directory: "c:\xampp\"
13:01:49  [main] 	Checking for prerequisites
13:01:50  [main] 	All prerequisites found
13:01:50  [main] 	Initializing Modules
13:01:50  [main] 	Enabling autostart for module "MySQL"
13:01:50  [main] 	Starting Check-Timer
13:01:50  [main] 	Control Panel Ready
13:01:51  [mysql] 	Autostart active: starting...
13:01:51  [mysql] 	Attempting to start MySQL app...
13:01:51  [mysql] 	Status change detected: running
13:01:57  [Apache] 	Attempting to start Apache app...
13:01:57  [Apache] 	Status change detected: running
13:02:03  [Tomcat] 	Attempting to start Tomcat app...
13:02:05  [mercury] 	Attempting to start Mercury app...
13:02:05  [mercury] 	Status change detected: running
13:02:12  [filezilla] 	Attempting to start FileZilla app...
13:02:12  [filezilla] 	Status change detected: running
13:02:14  [Tomcat] 	Attempting to start Tomcat app...
13:02:28  [Tomcat] 	Status change detected: running
13:09:14  [Tomcat] 	Attempting to stop Tomcat
13:09:14  [Tomcat] 	Status change detected: stopped
13:09:15  [mercury] 	Attempting to stop Mercury (PID: 16552)
13:09:15  [mercury] 	Status change detected: stopped
13:09:17  [filezilla] 	Attempting to stop FileZilla app...
13:09:18  [filezilla] 	Status change detected: stopped
13:09:20  [Apache] 	Attempting to stop Apache (PID: 13716)
13:09:20  [Apache] 	Attempting to stop Apache (PID: 14920)
13:09:20  [Apache] 	Status change detected: stopped
13:29:38  [main] 	Deinitializing Modules
13:29:38  [main] 	Deinitializing Control Panel

17:48:33  [main] 	Initializing Control Panel
17:48:33  [main] 	Windows Version:  Home  64-bit
17:48:33  [main] 	XAMPP Version: 5.6.28
17:48:33  [main] 	Control Panel Version: 3.2.2  [ Compiled: Nov 12th 2015 ]
17:48:33  [main] 	You are not running with administrator rights! This will work for
17:48:33  [main] 	most application stuff but whenever you do something with services
17:48:33  [main] 	there will be a security dialogue or things will break! So think 
17:48:33  [main] 	about running this application with administrator rights!
17:48:33  [main] 	XAMPP Installation Directory: "c:\xampp\"
17:48:33  [main] 	Checking for prerequisites
17:48:34  [main] 	All prerequisites found
17:48:34  [main] 	Initializing Modules
17:48:34  [Apache] 	XAMPP Apache is already running on port 80
17:48:34  [Apache] 	XAMPP Apache is already running on port 443
17:48:34  [mysql] 	XAMPP MySQL is already running on port 3306
17:48:34  [Tomcat] 	Java is already running on port 8080!
17:48:34  [Tomcat] 	Is Tomcat already running?
17:48:34  [main] 	Enabling autostart for module "MySQL"
17:48:34  [main] 	Starting Check-Timer
17:48:34  [main] 	Control Panel Ready
17:48:35  [mysql] 	Autostart aborted: MySQL is already running
17:48:41  [main] 	Deinitializing Modules
17:48:41  [main] 	Deinitializing Control Panel

17:48:48  [main] 	Initializing Control Panel
17:48:48  [main] 	Windows Version:  Home  64-bit
17:48:48  [main] 	XAMPP Version: 5.6.28
17:48:48  [main] 	Control Panel Version: 3.2.2  [ Compiled: Nov 12th 2015 ]
17:48:48  [main] 	You are not running with administrator rights! This will work for
17:48:48  [main] 	most application stuff but whenever you do something with services
17:48:48  [main] 	there will be a security dialogue or things will break! So think 
17:48:48  [main] 	about running this application with administrator rights!
17:48:48  [main] 	XAMPP Installation Directory: "c:\xampp\"
17:48:48  [main] 	Checking for prerequisites
17:48:48  [main] 	All prerequisites found
17:48:48  [main] 	Initializing Modules
17:48:48  [Apache] 	XAMPP Apache is already running on port 80
17:48:48  [Apache] 	XAMPP Apache is already running on port 443
17:48:48  [mysql] 	XAMPP MySQL is already running on port 3306
17:48:48  [Tomcat] 	Java is already running on port 8080!
17:48:48  [Tomcat] 	Is Tomcat already running?
17:48:48  [main] 	Enabling autostart for module "MySQL"
17:48:48  [main] 	Starting Check-Timer
17:48:48  [main] 	Control Panel Ready
17:48:48  [mysql] 	Autostart aborted: MySQL is already running
19:31:12  [Tomcat] 	Status change detected: stopped
19:31:51  [main] 	Deinitializing Modules
19:31:51  [main] 	Deinitializing Control Panel

16:29:51  [main] 	Initializing Control Panel
16:29:51  [main] 	Windows Version:  Home  64-bit
16:29:51  [main] 	XAMPP Version: 5.6.28
16:29:51  [main] 	Control Panel Version: 3.2.2  [ Compiled: Nov 12th 2015 ]
16:29:51  [main] 	You are not running with administrator rights! This will work for
16:29:51  [main] 	most application stuff but whenever you do something with services
16:29:51  [main] 	there will be a security dialogue or things will break! So think 
16:29:51  [main] 	about running this application with administrator rights!
16:29:51  [main] 	XAMPP Installation Directory: "c:\xampp\"
16:29:51  [main] 	Checking for prerequisites
16:29:53  [main] 	All prerequisites found
16:29:53  [main] 	Initializing Modules
16:29:53  [main] 	Enabling autostart for module "MySQL"
16:29:53  [main] 	Starting Check-Timer
16:29:53  [main] 	Control Panel Ready
16:29:54  [mysql] 	Autostart active: starting...
16:29:54  [mysql] 	Attempting to start MySQL app...
16:29:54  [mysql] 	Status change detected: running
16:40:16  [Tomcat] 	Status change detected: running
17:42:52  [Tomcat] 	Attempting to stop Tomcat
17:47:30  [Apache] 	Attempting to start Apache app...
17:47:31  [Apache] 	Status change detected: running
17:48:08  [Tomcat] 	Attempting to stop Tomcat
17:48:20  [Tomcat] 	Attempting to stop Tomcat
17:48:21  [Tomcat] 	Attempting to stop Tomcat
17:48:22  [Tomcat] 	Attempting to stop Tomcat
19:31:12  [Tomcat] 	Status change detected: stopped
19:31:52  [Apache] 	Status change detected: stopped
19:31:52  [Apache] 	Error: Apache shutdown unexpectedly.
19:31:52  [Apache] 	This may be due to a blocked port, missing dependencies, 
19:31:52  [Apache] 	improper privileges, a crash, or a shutdown by another method.
19:31:52  [Apache] 	Press the Logs button to view error logs and check
19:31:52  [Apache] 	the Windows Event Viewer for more clues
19:31:52  [Apache] 	If you need more help, copy and post this
19:31:52  [Apache] 	entire log window on the forums
19:31:52  [main] 	Deinitializing Modules
19:31:52  [main] 	Deinitializing Control Panel

09:36:46  [main] 	Initializing Control Panel
09:36:46  [main] 	Windows Version:  Home  64-bit
09:36:46  [main] 	XAMPP Version: 5.6.28
09:36:46  [main] 	Control Panel Version: 3.2.2  [ Compiled: Nov 12th 2015 ]
09:36:46  [main] 	You are not running with administrator rights! This will work for
09:36:46  [main] 	most application stuff but whenever you do something with services
09:36:46  [main] 	there will be a security dialogue or things will break! So think 
09:36:46  [main] 	about running this application with administrator rights!
09:36:46  [main] 	XAMPP Installation Directory: "c:\xampp\"
09:36:46  [main] 	Checking for prerequisites
09:36:48  [main] 	All prerequisites found
09:36:48  [main] 	Initializing Modules
09:36:48  [main] 	Enabling autostart for module "MySQL"
09:36:48  [main] 	Starting Check-Timer
09:36:48  [main] 	Control Panel Ready
09:36:48  [mysql] 	Autostart active: starting...
09:36:48  [mysql] 	Attempting to start MySQL app...
09:36:49  [mysql] 	Status change detected: running
12:13:44  [main] 	Deinitializing Modules
12:13:44  [main] 	Deinitializing Control Panel

16:03:13  [main] 	Initializing Control Panel
16:03:13  [main] 	Windows Version:  Home  64-bit
16:03:13  [main] 	XAMPP Version: 5.6.28
16:03:13  [main] 	Control Panel Version: 3.2.2  [ Compiled: Nov 12th 2015 ]
16:03:13  [main] 	You are not running with administrator rights! This will work for
16:03:13  [main] 	most application stuff but whenever you do something with services
16:03:13  [main] 	there will be a security dialogue or things will break! So think 
16:03:13  [main] 	about running this application with administrator rights!
16:03:13  [main] 	XAMPP Installation Directory: "c:\xampp\"
16:03:14  [main] 	Checking for prerequisites
16:03:15  [main] 	All prerequisites found
16:03:15  [main] 	Initializing Modules
16:03:15  [main] 	Enabling autostart for module "MySQL"
16:03:15  [main] 	Starting Check-Timer
16:03:15  [main] 	Control Panel Ready
16:03:16  [mysql] 	Autostart active: starting...
16:03:16  [mysql] 	Attempting to start MySQL app...
16:03:16  [mysql] 	Status change detected: running
16:36:58  [main] 	Deinitializing Modules
16:36:58  [main] 	Deinitializing Control Panel

12:52:34  [main] 	Initializing Control Panel
12:52:34  [main] 	Windows Version:  Home  64-bit
12:52:34  [main] 	XAMPP Version: 5.6.28
12:52:34  [main] 	Control Panel Version: 3.2.2  [ Compiled: Nov 12th 2015 ]
12:52:34  [main] 	You are not running with administrator rights! This will work for
12:52:34  [main] 	most application stuff but whenever you do something with services
12:52:34  [main] 	there will be a security dialogue or things will break! So think 
12:52:34  [main] 	about running this application with administrator rights!
12:52:34  [main] 	XAMPP Installation Directory: "c:\xampp\"
12:52:34  [main] 	Checking for prerequisites
12:52:36  [main] 	All prerequisites found
12:52:36  [main] 	Initializing Modules
12:52:36  [main] 	Enabling autostart for module "MySQL"
12:52:36  [main] 	Starting Check-Timer
12:52:36  [main] 	Control Panel Ready
12:52:36  [mysql] 	Autostart active: starting...
12:52:36  [mysql] 	Attempting to start MySQL app...
12:52:37  [mysql] 	Status change detected: running
12:55:18  [main] 	Executing "c:\xampp\"
12:55:23  [main] 	Executing "services.msc"
13:22:39  [Apache] 	Attempting to start Apache app...
13:22:39  [Apache] 	Status change detected: running
13:57:50  [main] 	Deinitializing Modules
13:57:50  [main] 	Deinitializing Control Panel

16:39:27  [main] 	Initializing Control Panel
16:39:27  [main] 	Windows Version:  Home  64-bit
16:39:27  [main] 	XAMPP Version: 5.6.28
16:39:27  [main] 	Control Panel Version: 3.2.2  [ Compiled: Nov 12th 2015 ]
16:39:27  [main] 	You are not running with administrator rights! This will work for
16:39:27  [main] 	most application stuff but whenever you do something with services
16:39:27  [main] 	there will be a security dialogue or things will break! So think 
16:39:27  [main] 	about running this application with administrator rights!
16:39:27  [main] 	XAMPP Installation Directory: "c:\xampp\"
16:39:27  [main] 	Checking for prerequisites
16:39:29  [main] 	All prerequisites found
16:39:29  [main] 	Initializing Modules
16:39:29  [main] 	Enabling autostart for module "MySQL"
16:39:29  [main] 	Starting Check-Timer
16:39:29  [main] 	Control Panel Ready
16:39:29  [mysql] 	Autostart active: starting...
16:39:29  [mysql] 	Attempting to start MySQL app...
16:39:30  [mysql] 	Status change detected: running
16:39:32  [Apache] 	Attempting to start Apache app...
16:39:32  [Apache] 	Status change detected: running
16:46:46  [Tomcat] 	Status change detected: running
17:06:50  [Tomcat] 	Status change detected: stopped
17:08:05  [Tomcat] 	Status change detected: running
18:52:52  [Tomcat] 	Status change detected: stopped
19:31:43  [main] 	Deinitializing Modules
19:31:43  [main] 	Deinitializing Control Panel

21:25:25  [main] 	Initializing Control Panel
21:25:25  [main] 	Windows Version:  Home  64-bit
21:25:25  [main] 	XAMPP Version: 5.6.28
21:25:25  [main] 	Control Panel Version: 3.2.2  [ Compiled: Nov 12th 2015 ]
21:25:25  [main] 	You are not running with administrator rights! This will work for
21:25:25  [main] 	most application stuff but whenever you do something with services
21:25:25  [main] 	there will be a security dialogue or things will break! So think 
21:25:25  [main] 	about running this application with administrator rights!
21:25:25  [main] 	XAMPP Installation Directory: "c:\xampp\"
21:25:25  [main] 	Checking for prerequisites
21:25:26  [main] 	All prerequisites found
21:25:26  [main] 	Initializing Modules
21:25:26  [main] 	Enabling autostart for module "MySQL"
21:25:26  [main] 	Starting Check-Timer
21:25:26  [main] 	Control Panel Ready
21:25:27  [mysql] 	Autostart active: starting...
21:25:27  [mysql] 	Attempting to start MySQL app...
21:25:27  [mysql] 	Status change detected: running
21:25:39  [Apache] 	Attempting to start Apache app...
21:25:40  [Apache] 	Status change detected: running
21:29:42  [Tomcat] 	Status change detected: running
21:47:45  [mysql] 	Attempting to stop MySQL app...
21:47:47  [mysql] 	Status change detected: stopped
21:47:48  [Apache] 	Attempting to stop Apache (PID: 18536)
21:47:48  [Apache] 	Attempting to stop Apache (PID: 19284)
21:47:48  [Apache] 	Status change detected: stopped
21:47:48  [Tomcat] 	Status change detected: stopped
21:48:46  [main] 	Deinitializing Modules
21:48:46  [main] 	Deinitializing Control Panel

11:15:50  [main] 	Initializing Control Panel
11:15:50  [main] 	Windows Version:  Home  64-bit
11:15:50  [main] 	XAMPP Version: 5.6.28
11:15:50  [main] 	Control Panel Version: 3.2.2  [ Compiled: Nov 12th 2015 ]
11:15:50  [main] 	You are not running with administrator rights! This will work for
11:15:50  [main] 	most application stuff but whenever you do something with services
11:15:50  [main] 	there will be a security dialogue or things will break! So think 
11:15:50  [main] 	about running this application with administrator rights!
11:15:50  [main] 	XAMPP Installation Directory: "c:\xampp\"
11:15:50  [main] 	Checking for prerequisites
11:15:51  [main] 	All prerequisites found
11:15:51  [main] 	Initializing Modules
11:15:51  [main] 	Enabling autostart for module "MySQL"
11:15:51  [main] 	Starting Check-Timer
11:15:51  [main] 	Control Panel Ready
11:15:52  [mysql] 	Autostart active: starting...
11:15:52  [mysql] 	Attempting to start MySQL app...
11:15:52  [mysql] 	Status change detected: running
11:15:54  [Apache] 	Attempting to start Apache app...
11:15:55  [Apache] 	Status change detected: running
11:17:27  [Tomcat] 	Status change detected: running
12:12:11  [Tomcat] 	Status change detected: stopped
12:14:38  [Tomcat] 	Status change detected: running
12:27:09  [Tomcat] 	Status change detected: stopped
12:27:26  [main] 	Deinitializing Modules
12:27:26  [main] 	Deinitializing Control Panel

15:31:51  [main] 	Initializing Control Panel
15:31:51  [main] 	Windows Version:  Home  64-bit
15:31:51  [main] 	XAMPP Version: 5.6.28
15:31:51  [main] 	Control Panel Version: 3.2.2  [ Compiled: Nov 12th 2015 ]
15:31:51  [main] 	You are not running with administrator rights! This will work for
15:31:51  [main] 	most application stuff but whenever you do something with services
15:31:51  [main] 	there will be a security dialogue or things will break! So think 
15:31:51  [main] 	about running this application with administrator rights!
15:31:51  [main] 	XAMPP Installation Directory: "c:\xampp\"
15:31:51  [main] 	Checking for prerequisites
15:31:52  [main] 	All prerequisites found
15:31:52  [main] 	Initializing Modules
15:31:52  [main] 	Enabling autostart for module "MySQL"
15:31:52  [main] 	Starting Check-Timer
15:31:52  [main] 	Control Panel Ready
15:31:53  [mysql] 	Autostart active: starting...
15:31:53  [mysql] 	Attempting to start MySQL app...
15:31:53  [mysql] 	Status change detected: running
15:32:13  [Apache] 	Attempting to start Apache app...
15:32:13  [Apache] 	Status change detected: running
15:33:06  [Tomcat] 	Status change detected: running
15:33:22  [Tomcat] 	Status change detected: stopped
15:33:23  [Tomcat] 	Status change detected: running
17:22:01  [Tomcat] 	Status change detected: stopped
18:07:58  [main] 	Deinitializing Modules
18:07:58  [main] 	Deinitializing Control Panel

02:44:07  [main] 	Initializing Control Panel
02:44:07  [main] 	Windows Version:  Home  64-bit
02:44:07  [main] 	XAMPP Version: 5.6.28
02:44:07  [main] 	Control Panel Version: 3.2.2  [ Compiled: Nov 12th 2015 ]
02:44:07  [main] 	You are not running with administrator rights! This will work for
02:44:07  [main] 	most application stuff but whenever you do something with services
02:44:07  [main] 	there will be a security dialogue or things will break! So think 
02:44:07  [main] 	about running this application with administrator rights!
02:44:07  [main] 	XAMPP Installation Directory: "c:\xampp\"
02:44:07  [main] 	Checking for prerequisites
02:44:07  [main] 	All prerequisites found
02:44:07  [main] 	Initializing Modules
02:44:07  [Apache] 	XAMPP Apache is already running on port 80
02:44:07  [Apache] 	XAMPP Apache is already running on port 443
02:44:07  [mysql] 	XAMPP MySQL is already running on port 3306
02:44:07  [main] 	Enabling autostart for module "MySQL"
02:44:07  [main] 	Starting Check-Timer
02:44:07  [main] 	Control Panel Ready
02:44:08  [mysql] 	Autostart aborted: MySQL is already running
02:44:11  [mysql] 	Attempting to stop MySQL app...
02:44:12  [Apache] 	Attempting to stop Apache (PID: 13656)
02:44:12  [Apache] 	Attempting to stop Apache (PID: 2136)
02:44:12  [Apache] 	Status change detected: stopped
02:44:13  [mysql] 	Status change detected: stopped
02:44:14  [Tomcat] 	Attempting to start Tomcat app...
02:44:16  [mysql] 	Attempting to start MySQL app...
02:44:16  [mysql] 	Status change detected: running
02:44:17  [Apache] 	Attempting to start Apache app...
02:44:17  [Apache] 	Status change detected: running
02:44:31  [Tomcat] 	Status change detected: running
03:17:16  [Tomcat] 	Tomcat Started/Stopped with errors, return code: -1073741510
03:17:16  [Tomcat] 	Make sure you have Java JDK or JRE installed and the required ports are free
03:17:16  [Tomcat] 	Check the "/xampp/tomcat/logs" folder for more information
04:00:09  [main] 	Deinitializing Modules
04:00:09  [main] 	Deinitializing Control Panel

09:53:32  [main] 	Initializing Control Panel
09:53:32  [main] 	Windows Version:  Home  64-bit
09:53:32  [main] 	XAMPP Version: 5.6.28
09:53:32  [main] 	Control Panel Version: 3.2.2  [ Compiled: Nov 12th 2015 ]
09:53:32  [main] 	You are not running with administrator rights! This will work for
09:53:32  [main] 	most application stuff but whenever you do something with services
09:53:32  [main] 	there will be a security dialogue or things will break! So think 
09:53:32  [main] 	about running this application with administrator rights!
09:53:32  [main] 	XAMPP Installation Directory: "c:\xampp\"
09:53:32  [main] 	Checking for prerequisites
09:53:33  [main] 	All prerequisites found
09:53:33  [main] 	Initializing Modules
09:53:33  [main] 	Enabling autostart for module "MySQL"
09:53:33  [main] 	Starting Check-Timer
09:53:33  [main] 	Control Panel Ready
09:53:34  [mysql] 	Autostart active: starting...
09:53:34  [mysql] 	Attempting to start MySQL app...
09:53:34  [mysql] 	Status change detected: running
09:55:13  [Apache] 	Attempting to start Apache app...
09:55:14  [Apache] 	Status change detected: running
09:55:16  [main] 	Executing "c:\xampp\"
09:56:30  [main] 	Executing "services.msc"
09:56:37  [main] 	Executing "c:\xampp\"
09:56:55  [main] 	Executing "c:\xampp\apache"
09:57:47  [main] 	Executing "c:\xampp\"
11:25:00  [Apache] 	Status change detected: stopped
11:25:00  [Apache] 	Error: Apache shutdown unexpectedly.
11:25:00  [Apache] 	This may be due to a blocked port, missing dependencies, 
11:25:00  [Apache] 	improper privileges, a crash, or a shutdown by another method.
11:25:00  [Apache] 	Press the Logs button to view error logs and check
11:25:00  [Apache] 	the Windows Event Viewer for more clues
11:25:00  [Apache] 	If you need more help, copy and post this
11:25:00  [Apache] 	entire log window on the forums
11:25:01  [main] 	Deinitializing Modules
11:25:01  [main] 	Deinitializing Control Panel

10:09:22  [main] 	Initializing Control Panel
10:09:22  [main] 	Windows Version:  Home  64-bit
10:09:22  [main] 	XAMPP Version: 5.6.28
10:09:22  [main] 	Control Panel Version: 3.2.2  [ Compiled: Nov 12th 2015 ]
10:09:22  [main] 	You are not running with administrator rights! This will work for
10:09:22  [main] 	most application stuff but whenever you do something with services
10:09:22  [main] 	there will be a security dialogue or things will break! So think 
10:09:22  [main] 	about running this application with administrator rights!
10:09:22  [main] 	XAMPP Installation Directory: "c:\xampp\"
10:09:22  [main] 	Checking for prerequisites
10:09:24  [main] 	All prerequisites found
10:09:24  [main] 	Initializing Modules
10:09:24  [main] 	Enabling autostart for module "MySQL"
10:09:24  [main] 	Starting Check-Timer
10:09:24  [main] 	Control Panel Ready
10:09:24  [mysql] 	Autostart active: starting...
10:09:24  [mysql] 	Attempting to start MySQL app...
10:09:25  [mysql] 	Status change detected: running
10:09:30  [Apache] 	Attempting to start Apache app...
10:09:30  [Apache] 	Status change detected: running
11:27:43  [main] 	Deinitializing Modules
11:27:43  [main] 	Deinitializing Control Panel

16:54:19  [main] 	Initializing Control Panel
16:54:19  [main] 	Windows Version:  Home  64-bit
16:54:19  [main] 	XAMPP Version: 5.6.28
16:54:19  [main] 	Control Panel Version: 3.2.2  [ Compiled: Nov 12th 2015 ]
16:54:19  [main] 	You are not running with administrator rights! This will work for
16:54:19  [main] 	most application stuff but whenever you do something with services
16:54:19  [main] 	there will be a security dialogue or things will break! So think 
16:54:19  [main] 	about running this application with administrator rights!
16:54:19  [main] 	XAMPP Installation Directory: "c:\xampp\"
16:54:19  [main] 	Checking for prerequisites
16:54:21  [main] 	All prerequisites found
16:54:21  [main] 	Initializing Modules
16:54:21  [main] 	Enabling autostart for module "MySQL"
16:54:21  [main] 	Starting Check-Timer
16:54:21  [main] 	Control Panel Ready
16:54:21  [mysql] 	Autostart active: starting...
16:54:21  [mysql] 	Attempting to start MySQL app...
16:54:22  [mysql] 	Status change detected: running
16:54:30  [Apache] 	Attempting to start Apache app...
16:54:30  [Apache] 	Status change detected: running
20:58:11  [main] 	Deinitializing Modules
20:58:11  [main] 	Deinitializing Control Panel

00:10:07  [main] 	Initializing Control Panel
00:10:07  [main] 	Windows Version:  Home  64-bit
00:10:07  [main] 	XAMPP Version: 5.6.28
00:10:07  [main] 	Control Panel Version: 3.2.2  [ Compiled: Nov 12th 2015 ]
00:10:07  [main] 	You are not running with administrator rights! This will work for
00:10:07  [main] 	most application stuff but whenever you do something with services
00:10:07  [main] 	there will be a security dialogue or things will break! So think 
00:10:07  [main] 	about running this application with administrator rights!
00:10:07  [main] 	XAMPP Installation Directory: "c:\xampp\"
00:10:07  [main] 	Checking for prerequisites
00:10:08  [main] 	All prerequisites found
00:10:08  [main] 	Initializing Modules
00:10:08  [Apache] 	XAMPP Apache is already running on port 80
00:10:08  [Apache] 	XAMPP Apache is already running on port 443
00:10:08  [mysql] 	XAMPP MySQL is already running on port 3306
00:10:08  [main] 	Enabling autostart for module "MySQL"
00:10:08  [main] 	Starting Check-Timer
00:10:08  [main] 	Control Panel Ready
00:10:09  [mysql] 	Autostart aborted: MySQL is already running
00:47:53  [main] 	Executing "c:\xampp\mysql"
00:48:19  [main] 	Executing "c:\xampp\"
00:48:23  [main] 	Executing "services.msc"
00:51:39  [Tomcat] 	Status change detected: running
00:51:49  [Tomcat] 	Status change detected: stopped
00:51:49  [Tomcat] 	Status change detected: running
00:58:57  [Apache] 	Status change detected: stopped
00:58:57  [Apache] 	Error: Apache shutdown unexpectedly.
00:58:57  [Apache] 	This may be due to a blocked port, missing dependencies, 
00:58:57  [Apache] 	improper privileges, a crash, or a shutdown by another method.
00:58:57  [Apache] 	Press the Logs button to view error logs and check
00:58:57  [Apache] 	the Windows Event Viewer for more clues
00:58:57  [Apache] 	If you need more help, copy and post this
00:58:57  [Apache] 	entire log window on the forums
00:58:58  [mysql] 	Status change detected: stopped
00:58:58  [mysql] 	Error: MySQL shutdown unexpectedly.
00:58:58  [mysql] 	This may be due to a blocked port, missing dependencies, 
00:58:58  [mysql] 	improper privileges, a crash, or a shutdown by another method.
00:58:58  [mysql] 	Press the Logs button to view error logs and check
00:58:58  [mysql] 	the Windows Event Viewer for more clues
00:58:58  [mysql] 	If you need more help, copy and post this
00:58:58  [mysql] 	entire log window on the forums
00:59:00  [mysql] 	Status change detected: running
01:05:56  [Apache] 	Status change detected: running
01:12:03  [Tomcat] 	Status change detected: stopped
02:16:57  [main] 	Deinitializing Modules
02:16:57  [main] 	Deinitializing Control Panel

00:58:52  [main] 	Initializing Control Panel
00:58:52  [main] 	Windows Version:  Home  64-bit
00:58:52  [main] 	XAMPP Version: 5.6.28
00:58:52  [main] 	Control Panel Version: 3.2.2  [ Compiled: Nov 12th 2015 ]
00:58:52  [main] 	You are not running with administrator rights! This will work for
00:58:52  [main] 	most application stuff but whenever you do something with services
00:58:52  [main] 	there will be a security dialogue or things will break! So think 
00:58:52  [main] 	about running this application with administrator rights!
00:58:52  [main] 	XAMPP Installation Directory: "c:\xampp\"
00:58:52  [main] 	Checking for prerequisites
00:58:53  [main] 	All prerequisites found
00:58:53  [main] 	Initializing Modules
00:58:53  [Apache] 	XAMPP Apache is already running on port 80
00:58:53  [Apache] 	XAMPP Apache is already running on port 443
00:58:53  [mysql] 	XAMPP MySQL is already running on port 3306
00:58:53  [Tomcat] 	Java is already running on port 8080!
00:58:53  [Tomcat] 	Is Tomcat already running?
00:58:53  [main] 	Enabling autostart for module "MySQL"
00:58:53  [main] 	Starting Check-Timer
00:58:53  [main] 	Control Panel Ready
00:58:53  [mysql] 	Autostart aborted: MySQL is already running
00:58:56  [mysql] 	Attempting to stop MySQL app...
00:58:56  [Tomcat] 	Attempting to stop Tomcat
00:58:57  [Apache] 	Attempting to stop Apache (PID: 4980)
00:58:57  [Apache] 	Attempting to stop Apache (PID: 8676)
00:58:58  [Apache] 	Status change detected: stopped
00:58:58  [mysql] 	Status change detected: stopped
00:59:00  [mysql] 	Problem detected!
00:59:00  [mysql] 	Port 3306 in use by "Unable to get info"!
00:59:00  [mysql] 	MySQL WILL NOT start without the configured ports free!
00:59:00  [mysql] 	You need to uninstall/disable/reconfigure the blocking application
00:59:00  [mysql] 	or reconfigure MySQL and the Control Panel to listen on a different port
00:59:00  [mysql] 	Attempting to start MySQL app...
00:59:00  [mysql] 	Status change detected: running
01:05:55  [Apache] 	Attempting to start Apache app...
01:05:55  [Apache] 	Status change detected: running
01:05:59  [Tomcat] 	Attempting to stop Tomcat
01:12:03  [Tomcat] 	Status change detected: stopped
02:16:58  [Apache] 	Status change detected: stopped
02:16:58  [Apache] 	Error: Apache shutdown unexpectedly.
02:16:58  [Apache] 	This may be due to a blocked port, missing dependencies, 
02:16:58  [Apache] 	improper privileges, a crash, or a shutdown by another method.
02:16:58  [Apache] 	Press the Logs button to view error logs and check
02:16:58  [Apache] 	the Windows Event Viewer for more clues
02:16:58  [Apache] 	If you need more help, copy and post this
02:16:58  [Apache] 	entire log window on the forums
02:16:58  [mysql] 	Status change detected: stopped
02:16:58  [mysql] 	Error: MySQL shutdown unexpectedly.
02:16:58  [mysql] 	This may be due to a blocked port, missing dependencies, 
02:16:58  [mysql] 	improper privileges, a crash, or a shutdown by another method.
02:16:58  [mysql] 	Press the Logs button to view error logs and check
02:16:58  [mysql] 	the Windows Event Viewer for more clues
02:16:58  [mysql] 	If you need more help, copy and post this
02:16:58  [mysql] 	entire log window on the forums
02:16:58  [main] 	Deinitializing Modules
02:16:58  [main] 	Deinitializing Control Panel

23:28:23  [main] 	Initializing Control Panel
23:28:23  [main] 	Windows Version:  Home  64-bit
23:28:23  [main] 	XAMPP Version: 5.6.28
23:28:23  [main] 	Control Panel Version: 3.2.2  [ Compiled: Nov 12th 2015 ]
23:28:23  [main] 	You are not running with administrator rights! This will work for
23:28:23  [main] 	most application stuff but whenever you do something with services
23:28:23  [main] 	there will be a security dialogue or things will break! So think 
23:28:23  [main] 	about running this application with administrator rights!
23:28:23  [main] 	XAMPP Installation Directory: "c:\xampp\"
23:28:23  [main] 	Checking for prerequisites
23:28:25  [main] 	All prerequisites found
23:28:25  [main] 	Initializing Modules
23:28:26  [main] 	Enabling autostart for module "MySQL"
23:28:26  [main] 	Starting Check-Timer
23:28:26  [main] 	Control Panel Ready
23:28:26  [mysql] 	Autostart active: starting...
23:28:26  [mysql] 	Attempting to start MySQL app...
23:28:27  [mysql] 	Status change detected: running
23:28:28  [Apache] 	Attempting to start Apache app...
23:28:29  [Apache] 	Status change detected: running
23:52:21  [Tomcat] 	Attempting to start Tomcat app...
23:52:30  [Tomcat] 	Attempting to start Tomcat app...
23:52:33  [Tomcat] 	Attempting to start Tomcat app...
23:52:46  [Tomcat] 	Status change detected: running
00:03:39  [Tomcat] 	Status change detected: stopped
00:03:39  [Tomcat] 	Error: Tomcat shutdown unexpectedly.
00:03:39  [Tomcat] 	This may be due to a blocked port, missing dependencies, 
00:03:39  [Tomcat] 	improper privileges, a crash, or a shutdown by another method.
00:03:39  [Tomcat] 	Press the Logs button to view error logs and check
00:03:39  [Tomcat] 	the Windows Event Viewer for more clues
00:03:39  [Tomcat] 	If you need more help, copy and post this
00:03:39  [Tomcat] 	entire log window on the forums
00:03:39  [Tomcat] 	Tomcat Started/Stopped with errors, return code: -1073741510
00:03:39  [Tomcat] 	Make sure you have Java JDK or JRE installed and the required ports are free
00:03:39  [Tomcat] 	Check the "/xampp/tomcat/logs" folder for more information
00:51:39  [Tomcat] 	Status change detected: running
00:51:49  [Tomcat] 	Status change detected: stopped
00:51:49  [Tomcat] 	Error: Tomcat shutdown unexpectedly.
00:51:49  [Tomcat] 	This may be due to a blocked port, missing dependencies, 
00:51:49  [Tomcat] 	improper privileges, a crash, or a shutdown by another method.
00:51:49  [Tomcat] 	Press the Logs button to view error logs and check
00:51:49  [Tomcat] 	the Windows Event Viewer for more clues
00:51:49  [Tomcat] 	If you need more help, copy and post this
00:51:49  [Tomcat] 	entire log window on the forums
00:51:49  [Tomcat] 	Status change detected: running
00:58:57  [Apache] 	Status change detected: stopped
00:58:57  [Apache] 	Error: Apache shutdown unexpectedly.
00:58:57  [Apache] 	This may be due to a blocked port, missing dependencies, 
00:58:57  [Apache] 	improper privileges, a crash, or a shutdown by another method.
00:58:57  [Apache] 	Press the Logs button to view error logs and check
00:58:57  [Apache] 	the Windows Event Viewer for more clues
00:58:57  [Apache] 	If you need more help, copy and post this
00:58:57  [Apache] 	entire log window on the forums
00:58:58  [mysql] 	Status change detected: stopped
00:58:58  [mysql] 	Error: MySQL shutdown unexpectedly.
00:58:58  [mysql] 	This may be due to a blocked port, missing dependencies, 
00:58:58  [mysql] 	improper privileges, a crash, or a shutdown by another method.
00:58:58  [mysql] 	Press the Logs button to view error logs and check
00:58:58  [mysql] 	the Windows Event Viewer for more clues
00:58:58  [mysql] 	If you need more help, copy and post this
00:58:58  [mysql] 	entire log window on the forums
00:59:00  [mysql] 	Status change detected: running
01:05:56  [Apache] 	Status change detected: running
01:12:03  [Tomcat] 	Status change detected: stopped
01:12:03  [Tomcat] 	Error: Tomcat shutdown unexpectedly.
01:12:03  [Tomcat] 	This may be due to a blocked port, missing dependencies, 
01:12:03  [Tomcat] 	improper privileges, a crash, or a shutdown by another method.
01:12:03  [Tomcat] 	Press the Logs button to view error logs and check
01:12:03  [Tomcat] 	the Windows Event Viewer for more clues
01:12:03  [Tomcat] 	If you need more help, copy and post this
01:12:03  [Tomcat] 	entire log window on the forums
02:16:58  [main] 	Deinitializing Modules
02:16:58  [main] 	Deinitializing Control Panel

23:51:53  [main] 	Initializing Control Panel
23:51:53  [main] 	Windows Version:  Home  64-bit
23:51:53  [main] 	XAMPP Version: 5.6.28
23:51:53  [main] 	Control Panel Version: 3.2.2  [ Compiled: Nov 12th 2015 ]
23:51:53  [main] 	You are not running with administrator rights! This will work for
23:51:53  [main] 	most application stuff but whenever you do something with services
23:51:53  [main] 	there will be a security dialogue or things will break! So think 
23:51:53  [main] 	about running this application with administrator rights!
23:51:53  [main] 	XAMPP Installation Directory: "c:\xampp\"
23:51:53  [main] 	Checking for prerequisites
23:51:53  [main] 	All prerequisites found
23:51:54  [main] 	Initializing Modules
23:51:54  [main] 	Enabling autostart for module "MySQL"
23:51:54  [main] 	Starting Check-Timer
23:51:54  [main] 	Control Panel Ready
23:51:54  [mysql] 	Autostart active: starting...
23:51:54  [mysql] 	Attempting to start MySQL app...
23:51:55  [mysql] 	Status change detected: running
23:53:05  [Apache] 	Attempting to start Apache app...
23:53:06  [Apache] 	Status change detected: running
01:48:12  [main] 	Deinitializing Modules
01:48:12  [main] 	Deinitializing Control Panel

22:26:29  [main] 	Initializing Control Panel
22:26:29  [main] 	Windows Version:  Home  64-bit
22:26:29  [main] 	XAMPP Version: 5.6.28
22:26:29  [main] 	Control Panel Version: 3.2.2  [ Compiled: Nov 12th 2015 ]
22:26:29  [main] 	You are not running with administrator rights! This will work for
22:26:29  [main] 	most application stuff but whenever you do something with services
22:26:29  [main] 	there will be a security dialogue or things will break! So think 
22:26:29  [main] 	about running this application with administrator rights!
22:26:29  [main] 	XAMPP Installation Directory: "c:\xampp\"
22:26:29  [main] 	Checking for prerequisites
22:26:31  [main] 	All prerequisites found
22:26:31  [main] 	Initializing Modules
22:26:31  [main] 	Enabling autostart for module "MySQL"
22:26:31  [main] 	Starting Check-Timer
22:26:31  [main] 	Control Panel Ready
22:26:32  [mysql] 	Autostart active: starting...
22:26:32  [mysql] 	Attempting to start MySQL app...
22:26:32  [mysql] 	Status change detected: running
22:27:09  [Apache] 	Attempting to start Apache app...
22:27:10  [Apache] 	Status change detected: running
00:21:40  [main] 	Deinitializing Modules
00:21:40  [main] 	Deinitializing Control Panel

12:20:26  [main] 	Initializing Control Panel
12:20:26  [main] 	Windows Version:  Home  64-bit
12:20:26  [main] 	XAMPP Version: 5.6.28
12:20:26  [main] 	Control Panel Version: 3.2.2  [ Compiled: Nov 12th 2015 ]
12:20:26  [main] 	You are not running with administrator rights! This will work for
12:20:26  [main] 	most application stuff but whenever you do something with services
12:20:26  [main] 	there will be a security dialogue or things will break! So think 
12:20:26  [main] 	about running this application with administrator rights!
12:20:26  [main] 	XAMPP Installation Directory: "c:\xampp\"
12:20:26  [main] 	Checking for prerequisites
12:20:28  [main] 	All prerequisites found
12:20:28  [main] 	Initializing Modules
12:20:28  [main] 	Enabling autostart for module "MySQL"
12:20:28  [main] 	Starting Check-Timer
12:20:28  [main] 	Control Panel Ready
12:20:29  [mysql] 	Autostart active: starting...
12:20:29  [mysql] 	Attempting to start MySQL app...
12:20:29  [mysql] 	Status change detected: running
12:21:15  [Apache] 	Attempting to start Apache app...
12:21:15  [Apache] 	Status change detected: running
15:41:45  [Apache] 	Status change detected: stopped
15:41:45  [Apache] 	Error: Apache shutdown unexpectedly.
15:41:45  [Apache] 	This may be due to a blocked port, missing dependencies, 
15:41:45  [Apache] 	improper privileges, a crash, or a shutdown by another method.
15:41:45  [Apache] 	Press the Logs button to view error logs and check
15:41:45  [Apache] 	the Windows Event Viewer for more clues
15:41:45  [Apache] 	If you need more help, copy and post this
15:41:45  [Apache] 	entire log window on the forums
15:46:05  [main] 	Deinitializing Modules
15:46:05  [main] 	Deinitializing Control Panel

00:21:15  [main] 	Initializing Control Panel
00:21:15  [main] 	Windows Version:  Home  64-bit
00:21:15  [main] 	XAMPP Version: 5.6.28
00:21:15  [main] 	Control Panel Version: 3.2.2  [ Compiled: Nov 12th 2015 ]
00:21:15  [main] 	You are not running with administrator rights! This will work for
00:21:15  [main] 	most application stuff but whenever you do something with services
00:21:15  [main] 	there will be a security dialogue or things will break! So think 
00:21:15  [main] 	about running this application with administrator rights!
00:21:15  [main] 	XAMPP Installation Directory: "c:\xampp\"
00:21:15  [main] 	Checking for prerequisites
00:21:16  [main] 	All prerequisites found
00:21:16  [main] 	Initializing Modules
00:21:16  [main] 	Enabling autostart for module "MySQL"
00:21:16  [main] 	Starting Check-Timer
00:21:16  [main] 	Control Panel Ready
00:21:17  [mysql] 	Autostart active: starting...
00:21:17  [mysql] 	Attempting to start MySQL app...
00:21:17  [mysql] 	Status change detected: running
00:21:20  [Apache] 	Attempting to start Apache app...
00:21:20  [Apache] 	Status change detected: running
01:32:06  [main] 	Deinitializing Modules
01:32:06  [main] 	Deinitializing Control Panel

16:05:19  [main] 	Initializing Control Panel
16:05:19  [main] 	Windows Version:  Home  64-bit
16:05:19  [main] 	XAMPP Version: 5.6.28
16:05:19  [main] 	Control Panel Version: 3.2.2  [ Compiled: Nov 12th 2015 ]
16:05:19  [main] 	You are not running with administrator rights! This will work for
16:05:19  [main] 	most application stuff but whenever you do something with services
16:05:19  [main] 	there will be a security dialogue or things will break! So think 
16:05:19  [main] 	about running this application with administrator rights!
16:05:19  [main] 	XAMPP Installation Directory: "c:\xampp\"
16:05:19  [main] 	Checking for prerequisites
16:05:20  [main] 	All prerequisites found
16:05:20  [main] 	Initializing Modules
16:05:20  [main] 	Enabling autostart for module "MySQL"
16:05:20  [main] 	Starting Check-Timer
16:05:20  [main] 	Control Panel Ready
16:05:21  [mysql] 	Autostart active: starting...
16:05:21  [mysql] 	Attempting to start MySQL app...
16:05:21  [mysql] 	Status change detected: running
16:18:03  [Apache] 	Attempting to start Apache app...
16:18:03  [Apache] 	Status change detected: running
17:03:01  [mysql] 	Attempting to stop MySQL app...
17:03:02  [Apache] 	Attempting to stop Apache (PID: 18040)
17:03:02  [Apache] 	Attempting to stop Apache (PID: 18260)
17:03:03  [Apache] 	Status change detected: stopped
17:03:04  [mysql] 	Status change detected: stopped
17:03:20  [main] 	Deinitializing Modules
17:03:20  [main] 	Deinitializing Control Panel

22:30:21  [main] 	Initializing Control Panel
22:30:21  [main] 	Windows Version:  Home  64-bit
22:30:21  [main] 	XAMPP Version: 5.6.28
22:30:21  [main] 	Control Panel Version: 3.2.2  [ Compiled: Nov 12th 2015 ]
22:30:21  [main] 	You are not running with administrator rights! This will work for
22:30:21  [main] 	most application stuff but whenever you do something with services
22:30:21  [main] 	there will be a security dialogue or things will break! So think 
22:30:21  [main] 	about running this application with administrator rights!
22:30:21  [main] 	XAMPP Installation Directory: "c:\xampp\"
22:30:21  [main] 	Checking for prerequisites
22:30:23  [main] 	All prerequisites found
22:30:23  [main] 	Initializing Modules
22:30:23  [main] 	Enabling autostart for module "MySQL"
22:30:23  [main] 	Starting Check-Timer
22:30:23  [main] 	Control Panel Ready
22:30:23  [mysql] 	Autostart active: starting...
22:30:23  [mysql] 	Attempting to start MySQL app...
22:30:24  [mysql] 	Status change detected: running
22:30:27  [Apache] 	Attempting to start Apache app...
22:30:27  [Apache] 	Status change detected: running
23:11:01  [main] 	Deinitializing Modules
23:11:01  [main] 	Deinitializing Control Panel

03:02:05  [main] 	Initializing Control Panel
03:02:05  [main] 	Windows Version:  Home  64-bit
03:02:05  [main] 	XAMPP Version: 5.6.28
03:02:05  [main] 	Control Panel Version: 3.2.2  [ Compiled: Nov 12th 2015 ]
03:02:05  [main] 	You are not running with administrator rights! This will work for
03:02:05  [main] 	most application stuff but whenever you do something with services
03:02:05  [main] 	there will be a security dialogue or things will break! So think 
03:02:05  [main] 	about running this application with administrator rights!
03:02:05  [main] 	XAMPP Installation Directory: "c:\xampp\"
03:02:05  [main] 	Checking for prerequisites
03:02:07  [main] 	All prerequisites found
03:02:07  [main] 	Initializing Modules
03:02:07  [main] 	Enabling autostart for module "MySQL"
03:02:07  [main] 	Starting Check-Timer
03:02:07  [main] 	Control Panel Ready
03:02:07  [mysql] 	Autostart active: starting...
03:02:07  [mysql] 	Attempting to start MySQL app...
03:02:08  [mysql] 	Status change detected: running
03:02:13  [Apache] 	Attempting to start Apache app...
03:02:13  [Apache] 	Status change detected: running
04:41:02  [Apache] 	Attempting to stop Apache (PID: 14404)
04:41:02  [Apache] 	Attempting to stop Apache (PID: 3768)
04:41:03  [Apache] 	Status change detected: stopped
04:41:04  [mysql] 	Attempting to stop MySQL app...
04:41:06  [mysql] 	Status change detected: stopped
05:53:40  [Apache] 	Status change detected: running
05:53:40  [mysql] 	Status change detected: running
05:54:18  [Tomcat] 	Status change detected: running
06:18:37  [Tomcat] 	Status change detected: stopped
06:19:59  [filezilla] 	Status change detected: running
06:20:00  [mercury] 	Status change detected: running
06:20:24  [Tomcat] 	Status change detected: running
07:20:24  [Tomcat] 	Status change detected: stopped
07:21:44  [main] 	Deinitializing Modules
07:21:44  [main] 	Deinitializing Control Panel

07:24:02  [main] 	Initializing Control Panel
07:24:02  [main] 	Windows Version:  Home  64-bit
07:24:02  [main] 	XAMPP Version: 5.6.28
07:24:02  [main] 	Control Panel Version: 3.2.2  [ Compiled: Nov 12th 2015 ]
07:24:02  [main] 	You are not running with administrator rights! This will work for
07:24:02  [main] 	most application stuff but whenever you do something with services
07:24:02  [main] 	there will be a security dialogue or things will break! So think 
07:24:02  [main] 	about running this application with administrator rights!
07:24:02  [main] 	XAMPP Installation Directory: "c:\xampp\"
07:24:02  [main] 	Checking for prerequisites
07:24:04  [main] 	All prerequisites found
07:24:04  [main] 	Initializing Modules
07:24:04  [main] 	Enabling autostart for module "MySQL"
07:24:04  [main] 	Starting Check-Timer
07:24:04  [main] 	Control Panel Ready
07:24:04  [mysql] 	Autostart active: starting...
07:24:04  [mysql] 	Attempting to start MySQL app...
07:24:05  [mysql] 	Status change detected: running
07:24:07  [Apache] 	Attempting to start Apache app...
07:24:07  [Apache] 	Status change detected: running
07:24:08  [filezilla] 	Attempting to start FileZilla app...
07:24:08  [filezilla] 	Status change detected: running
07:24:09  [mercury] 	Attempting to start Mercury app...
07:24:09  [mercury] 	Status change detected: running
07:24:10  [Tomcat] 	Attempting to start Tomcat app...
07:24:27  [Tomcat] 	Status change detected: running
07:27:42  [Apache] 	Attempting to stop Apache (PID: 13500)
07:27:42  [Apache] 	Attempting to stop Apache (PID: 12716)
07:27:42  [Apache] 	Status change detected: stopped
07:27:45  [mysql] 	Attempting to stop MySQL app...
07:27:46  [filezilla] 	Attempting to stop FileZilla app...
07:27:46  [mercury] 	Attempting to stop Mercury (PID: 3392)
07:27:46  [filezilla] 	Status change detected: stopped
07:27:47  [mercury] 	Status change detected: stopped
07:27:47  [Tomcat] 	Attempting to stop Tomcat
07:27:47  [mysql] 	Status change detected: stopped
07:27:50  [Tomcat] 	Status change detected: stopped
07:27:50  [Apache] 	Attempting to start Apache app...
07:27:51  [Apache] 	Status change detected: running
07:27:52  [mysql] 	Attempting to start MySQL app...
07:27:52  [mysql] 	Status change detected: running
07:31:14  [main] 	Deinitializing Modules
07:31:14  [main] 	Deinitializing Control Panel

20:11:49  [main] 	Initializing Control Panel
20:11:49  [main] 	Windows Version:  Home  64-bit
20:11:49  [main] 	XAMPP Version: 5.6.28
20:11:49  [main] 	Control Panel Version: 3.2.2  [ Compiled: Nov 12th 2015 ]
20:11:49  [main] 	You are not running with administrator rights! This will work for
20:11:49  [main] 	most application stuff but whenever you do something with services
20:11:49  [main] 	there will be a security dialogue or things will break! So think 
20:11:49  [main] 	about running this application with administrator rights!
20:11:49  [main] 	XAMPP Installation Directory: "c:\xampp\"
20:11:49  [main] 	Checking for prerequisites
20:11:51  [main] 	All prerequisites found
20:11:51  [main] 	Initializing Modules
20:11:51  [main] 	Enabling autostart for module "MySQL"
20:11:51  [main] 	Starting Check-Timer
20:11:51  [main] 	Control Panel Ready
20:11:51  [mysql] 	Autostart active: starting...
20:11:51  [mysql] 	Attempting to start MySQL app...
20:11:53  [mysql] 	Status change detected: running
20:11:55  [Apache] 	Attempting to start Apache app...
20:11:55  [Apache] 	Status change detected: running
20:52:23  [mysql] 	Attempting to stop MySQL app...
20:52:24  [Apache] 	Attempting to stop Apache (PID: 4180)
20:52:24  [Apache] 	Attempting to stop Apache (PID: 2952)
20:52:24  [Apache] 	Status change detected: stopped
20:52:25  [mysql] 	Status change detected: stopped
20:52:26  [Tomcat] 	Attempting to start Tomcat app...
20:52:29  [mysql] 	Attempting to start MySQL app...
20:52:29  [mysql] 	Status change detected: running
20:52:30  [Apache] 	Attempting to start Apache app...
20:52:30  [Apache] 	Status change detected: running
20:52:31  [Tomcat] 	Attempting to start Tomcat app...
20:52:54  [Tomcat] 	Status change detected: running
20:53:22  [Tomcat] 	Attempting to stop Tomcat
20:53:23  [Tomcat] 	Status change detected: stopped
20:53:24  [Apache] 	Attempting to stop Apache (PID: 5528)
20:53:24  [Apache] 	Attempting to stop Apache (PID: 7524)
20:53:25  [Apache] 	Status change detected: stopped
20:54:15  [Apache] 	Attempting to start Apache app...
20:54:16  [Apache] 	Status change detected: running
20:54:26  [main] 	Executing "c:\xampp\php\logs"
20:54:30  [main] 	Executing "c:\xampp\mysql\data"
22:07:15  [mysql] 	Attempting to stop MySQL app...
22:07:17  [Apache] 	Attempting to stop Apache (PID: 16208)
22:07:17  [Apache] 	Attempting to stop Apache (PID: 16156)
22:07:17  [Apache] 	Status change detected: stopped
22:07:19  [mysql] 	Status change detected: stopped
22:11:51  [main] 	Executing "c:\xampp\phpMyAdmin"
22:13:37  [main] 	Executing "c:\xampp\apache"
22:23:22  [Apache] 	Attempting to start Apache app...
22:23:22  [Apache] 	Status change detected: running
22:23:23  [mysql] 	Attempting to start MySQL app...
22:23:24  [mysql] 	Status change detected: running
23:48:22  [mysql] 	Attempting to stop MySQL app...
23:48:22  [Apache] 	Attempting to stop Apache (PID: 7824)
23:48:22  [Apache] 	Attempting to stop Apache (PID: 12012)
23:48:23  [Apache] 	Status change detected: stopped
23:48:24  [mysql] 	Status change detected: stopped
23:48:32  [Apache] 	Attempting to start Apache app...
23:48:32  [Apache] 	Status change detected: running
23:48:32  [mysql] 	Attempting to start MySQL app...
23:48:33  [mysql] 	Status change detected: running
00:24:50  [mysql] 	Attempting to stop MySQL app...
00:24:50  [Apache] 	Attempting to stop Apache (PID: 3256)
00:24:50  [Apache] 	Attempting to stop Apache (PID: 15872)
00:24:51  [Apache] 	Status change detected: stopped
00:24:52  [mysql] 	Status change detected: stopped
00:25:00  [Apache] 	Attempting to start Apache app...
00:25:00  [mysql] 	Attempting to start MySQL app...
00:25:00  [Apache] 	Status change detected: running
00:25:00  [mysql] 	Status change detected: running
01:21:22  [main] 	Deinitializing Modules
01:21:22  [main] 	Deinitializing Control Panel

